Sat Mar 29 13:48:05 UTC 2025
Sun Mar 30 13:03:13 UTC 2025
Mon Mar 31 13:34:52 UTC 2025
Tue Apr  1 13:36:27 UTC 2025
Wed Apr  2 13:34:31 UTC 2025
Thu Apr  3 13:34:17 UTC 2025
Fri Apr  4 13:33:08 UTC 2025
Sat Apr  5 13:02:53 UTC 2025
Sun Apr  6 13:02:46 UTC 2025
Mon Apr  7 13:36:10 UTC 2025
Tue Apr  8 13:35:37 UTC 2025
Wed Apr  9 13:37:37 UTC 2025
Thu Apr 10 13:35:23 UTC 2025
Fri Apr 11 13:34:24 UTC 2025
Sat Apr 12 13:02:47 UTC 2025
Sun Apr 13 13:04:02 UTC 2025
Mon Apr 14 13:36:40 UTC 2025
Tue Apr 15 13:36:49 UTC 2025
Wed Apr 16 13:35:46 UTC 2025
Thu Apr 17 13:34:36 UTC 2025
Fri Apr 18 13:16:16 UTC 2025
Sat Apr 19 13:03:01 UTC 2025
Sun Apr 20 13:14:50 UTC 2025
